<?xml version="1.0" encoding="UTF-8"?>
<testsuite xmlns:xsi="http://www.w3.org/2001/XMLSchema-instance" xsi:noNamespaceSchemaLocation="https://maven.apache.org/surefire/maven-surefire-plugin/xsd/surefire-test-report.xsd" name="in.soundaryabavanasi.soundbricks.TestCreateUser" time="0.013" tests="8" errors="0" skipped="0" failures="0">
  <properties>
    <property name="java.specification.version" value="17"/>
    <property name="sun.cpu.isalist" value="amd64"/>
    <property name="sun.jnu.encoding" value="Cp1252"/>
    <property name="java.class.path" value="C:\Sofware\Eclipse_IDE_workspace\soundbricks\target\test-classes;C:\Sofware\Eclipse_IDE_workspace\soundbricks\target\classes;C:\Users\BhavanasiSoundarya\.m2\repository\org\junit\jupiter\junit-jupiter-api\5.8.2\junit-jupiter-api-5.8.2.jar;C:\Users\BhavanasiSoundarya\.m2\repository\org\opentest4j\opentest4j\1.2.0\opentest4j-1.2.0.jar;C:\Users\BhavanasiSoundarya\.m2\repository\org\junit\platform\junit-platform-commons\1.8.2\junit-platform-commons-1.8.2.jar;C:\Users\BhavanasiSoundarya\.m2\repository\org\apiguardian\apiguardian-api\1.1.2\apiguardian-api-1.1.2.jar;C:\Users\BhavanasiSoundarya\.m2\repository\mysql\mysql-connector-java\8.0.28\mysql-connector-java-8.0.28.jar;C:\Users\BhavanasiSoundarya\.m2\repository\com\google\protobuf\protobuf-java\3.11.4\protobuf-java-3.11.4.jar;"/>
    <property name="java.vm.vendor" value="Oracle Corporation"/>
    <property name="sun.arch.data.model" value="64"/>
    <property name="user.variant" value=""/>
    <property name="java.vendor.url" value="https://java.oracle.com/"/>
    <property name="user.timezone" value="Asia/Calcutta"/>
    <property name="os.name" value="Windows 10"/>
    <property name="java.vm.specification.version" value="17"/>
    <property name="sun.java.launcher" value="SUN_STANDARD"/>
    <property name="user.country" value="GB"/>
    <property name="sun.boot.library.path" value="C:\Program Files\Java\jdk-17\bin"/>
    <property name="sun.java.command" value="C:\Users\BHAVAN~1\AppData\Local\Temp\surefire256671590292691271\surefirebooter17192514199120516876.jar C:\Users\BhavanasiSoundarya\AppData\Local\Temp\surefire256671590292691271 2023-07-24T10-28-31_340-jvmRun1 surefire11947354469238308217tmp surefire_07587096276860090690tmp"/>
    <property name="jdk.debug" value="release"/>
    <property name="surefire.test.class.path" value="C:\Sofware\Eclipse_IDE_workspace\soundbricks\target\test-classes;C:\Sofware\Eclipse_IDE_workspace\soundbricks\target\classes;C:\Users\BhavanasiSoundarya\.m2\repository\org\junit\jupiter\junit-jupiter-api\5.8.2\junit-jupiter-api-5.8.2.jar;C:\Users\BhavanasiSoundarya\.m2\repository\org\opentest4j\opentest4j\1.2.0\opentest4j-1.2.0.jar;C:\Users\BhavanasiSoundarya\.m2\repository\org\junit\platform\junit-platform-commons\1.8.2\junit-platform-commons-1.8.2.jar;C:\Users\BhavanasiSoundarya\.m2\repository\org\apiguardian\apiguardian-api\1.1.2\apiguardian-api-1.1.2.jar;C:\Users\BhavanasiSoundarya\.m2\repository\mysql\mysql-connector-java\8.0.28\mysql-connector-java-8.0.28.jar;C:\Users\BhavanasiSoundarya\.m2\repository\com\google\protobuf\protobuf-java\3.11.4\protobuf-java-3.11.4.jar;"/>
    <property name="sun.cpu.endian" value="little"/>
    <property name="user.home" value="C:\Users\BhavanasiSoundarya"/>
    <property name="user.language" value="en"/>
    <property name="java.specification.vendor" value="Oracle Corporation"/>
    <property name="java.version.date" value="2023-04-18"/>
    <property name="java.home" value="C:\Program Files\Java\jdk-17"/>
    <property name="file.separator" value="\"/>
    <property name="style.color" value="always"/>
    <property name="basedir" value="C:\Sofware\Eclipse_IDE_workspace\soundbricks"/>
    <property name="java.vm.compressedOopsMode" value="32-bit"/>
    <property name="line.separator" value="&#10;"/>
    <property name="java.vm.specification.vendor" value="Oracle Corporation"/>
    <property name="java.specification.name" value="Java Platform API Specification"/>
    <property name="surefire.real.class.path" value="C:\Users\BHAVAN~1\AppData\Local\Temp\surefire256671590292691271\surefirebooter17192514199120516876.jar"/>
    <property name="user.script" value=""/>
    <property name="sun.management.compiler" value="HotSpot 64-Bit Tiered Compilers"/>
    <property name="java.runtime.version" value="17.0.7+8-LTS-224"/>
    <property name="user.name" value="BhavanasiSoundarya"/>
    <property name="path.separator" value=";"/>
    <property name="os.version" value="10.0"/>
    <property name="java.runtime.name" value="Java(TM) SE Runtime Environment"/>
    <property name="file.encoding" value="Cp1252"/>
    <property name="java.vm.name" value="Java HotSpot(TM) 64-Bit Server VM"/>
    <property name="localRepository" value="C:\Users\BhavanasiSoundarya\.m2\repository"/>
    <property name="java.vendor.url.bug" value="https://bugreport.java.com/bugreport/"/>
    <property name="java.io.tmpdir" value="C:\Users\BHAVAN~1\AppData\Local\Temp\"/>
    <property name="java.version" value="17.0.7"/>
    <property name="user.dir" value="C:\Sofware\Eclipse_IDE_workspace\soundbricks"/>
    <property name="os.arch" value="amd64"/>
    <property name="java.vm.specification.name" value="Java Virtual Machine Specification"/>
    <property name="sun.os.patch.level" value=""/>
    <property name="native.encoding" value="Cp1252"/>
    <property name="java.library.path" value="C:\Program Files\Java\jdk-17\bin;C:\WINDOWS\Sun\Java\bin;C:\WINDOWS\system32;C:\WINDOWS;C:/Sofware/eclipse//plugins/org.eclipse.justj.openjdk.hotspot.jre.full.win32.x86_64_17.0.6.v20230204-1729/jre/bin/server;C:/Sofware/eclipse//plugins/org.eclipse.justj.openjdk.hotspot.jre.full.win32.x86_64_17.0.6.v20230204-1729/jre/bin;C:\Program Files\Common Files\Oracle\Java\javapath;C:\WINDOWS\system32;C:\WINDOWS;C:\WINDOWS\System32\Wbem;C:\WINDOWS\System32\WindowsPowerShell\v1.0\;C:\WINDOWS\System32\OpenSSH\;C:\Program Files\nodejs\;C:\Program Files\Git\cmd;C:\Program Files\MySQL\MySQL Shell 8.0\bin\;C:\Users\BhavanasiSoundarya\AppData\Local\Microsoft\WindowsApps;C:\Users\BhavanasiSoundarya\AppData\Local\Programs\Microsoft VS Code\bin;C:\ProgramData\BhavanasiSoundarya\GitHubDesktop\bin;C:\Users\BhavanasiSoundarya\AppData\Local\GitHubDesktop\bin;C:\Sofware\eclipse;;."/>
    <property name="java.vm.info" value="mixed mode, sharing"/>
    <property name="java.vendor" value="Oracle Corporation"/>
    <property name="java.vm.version" value="17.0.7+8-LTS-224"/>
    <property name="sun.io.unicode.encoding" value="UnicodeLittle"/>
    <property name="java.class.version" value="61.0"/>
  </properties>
  <testcase name="in.soundaryabavanasi.soundbricks.TestCreateUser.testCreateUserWithEmailNull" classname="in.soundaryabavanasi.soundbricks.TestCreateUser" time="0.002"/>
  <testcase name="in.soundaryabavanasi.soundbricks.TestCreateUser.testCreateUserWithPasswordEmpty" classname="in.soundaryabavanasi.soundbricks.TestCreateUser" time="0"/>
  <testcase name="in.soundaryabavanasi.soundbricks.TestCreateUser.testCreateUserWithEmailEmpty" classname="in.soundaryabavanasi.soundbricks.TestCreateUser" time="0"/>
  <testcase name="in.soundaryabavanasi.soundbricks.TestCreateUser.testCreateUserWithFirstNameNull" classname="in.soundaryabavanasi.soundbricks.TestCreateUser" time="0.001"/>
  <testcase name="in.soundaryabavanasi.soundbricks.TestCreateUser.testCreateUserWithFirstNameEmpty" classname="in.soundaryabavanasi.soundbricks.TestCreateUser" time="0"/>
  <testcase name="in.soundaryabavanasi.soundbricks.TestCreateUser.testCreateUserWithPasswordNull" classname="in.soundaryabavanasi.soundbricks.TestCreateUser" time="0.001"/>
  <testcase name="in.soundaryabavanasi.soundbricks.TestCreateUser.testCreateUserWithInvalidInput" classname="in.soundaryabavanasi.soundbricks.TestCreateUser" time="0.001"/>
  <testcase name="in.soundaryabavanasi.soundbricks.TestCreateUser.testCreateUserWithValidInput" classname="in.soundaryabavanasi.soundbricks.TestCreateUser" time="0.004"/>
</testsuite>